<?xml version="1.0" encoding="UTF-8"?>
<!-- Generated by org.testng.reporters.JUnitReportReporter -->
<testsuite hostname="hp" failures="0" tests="1" name="practice.launchgoogle" time="10.419" errors="0" timestamp="2023-08-18T14:50:05 IST" skipped="0">
  <testcase classname="practice.launchgoogle" name="google" time="10.419"/>
  <system-out/>
</testsuite> <!-- practice.launchgoogle -->
